<?xml version="1.0" encoding="UTF-8"?>
<coverage generated="1583864009543" clover="3.2.0">
  <project timestamp="1583864009543" name="All files">
    <metrics statements="26" coveredstatements="26" conditionals="9" coveredconditionals="9" methods="6" coveredmethods="6" elements="41" coveredelements="41" complexity="0" loc="26" ncloc="26" packages="1" files="1" classes="1"/>
    <file name="index.js" path="/home/arseniidolgovyazov/frontend-project-lvl2/src/index.js">
      <metrics statements="26" coveredstatements="26" conditionals="9" coveredconditionals="9" methods="6" coveredmethods="6"/>
      <line num="3" count="1" type="stmt"/>
      <line num="5" count="1" type="stmt"/>
      <line num="7" count="1" type="stmt"/>
      <line num="10" count="2" type="stmt"/>
      <line num="11" count="4" type="cond" truecount="2" falsecount="0"/>
      <line num="12" count="2" type="stmt"/>
      <line num="13" count="2" type="stmt"/>
      <line num="14" count="2" type="stmt"/>
      <line num="15" count="2" type="stmt"/>
      <line num="16" count="2" type="stmt"/>
      <line num="17" count="2" type="stmt"/>
      <line num="18" count="7" type="cond" truecount="1" falsecount="0"/>
      <line num="19" count="2" type="stmt"/>
      <line num="20" count="5" type="stmt"/>
      <line num="21" count="5" type="cond" truecount="2" falsecount="0"/>
      <line num="22" count="3" type="stmt"/>
      <line num="23" count="3" type="cond" truecount="2" falsecount="0"/>
      <line num="24" count="2" type="stmt"/>
      <line num="26" count="1" type="stmt"/>
      <line num="28" count="2" type="stmt"/>
      <line num="30" count="2" type="stmt"/>
      <line num="31" count="4" type="cond" truecount="2" falsecount="0"/>
      <line num="34" count="2" type="stmt"/>
      <line num="35" count="2" type="stmt"/>
      <line num="36" count="2" type="stmt"/>
      <line num="37" count="2" type="stmt"/>
    </file>
  </project>
</coverage>
