{"/home/arseniidolgovyazov/frontend-project-lvl2/src/index.js": {"path":"/home/arseniidolgovyazov/frontend-project-lvl2/src/index.js","statementMap":{"0":{"start":{"line":3,"column":13},"end":{"line":3,"column":28}},"1":{"start":{"line":5,"column":11},"end":{"line":5,"column":24}},"2":{"start":{"line":7,"column":10},"end":{"line":7,"column":27}},"3":{"start":{"line":10,"column":26},"end":{"line":10,"column":85}},"4":{"start":{"line":10,"column":44},"end":{"line":10,"column":85}},"5":{"start":{"line":11,"column":22},"end":{"line":11,"column":104}},"6":{"start":{"line":11,"column":39},"end":{"line":11,"column":103}},"7":{"start":{"line":12,"column":24},"end":{"line":12,"column":48}},"8":{"start":{"line":13,"column":24},"end":{"line":13,"column":49}},"9":{"start":{"line":14,"column":20},"end":{"line":14,"column":62}},"10":{"start":{"line":15,"column":21},"end":{"line":15,"column":63}},"11":{"start":{"line":16,"column":25},"end":{"line":16,"column":50}},"12":{"start":{"line":17,"column":26},"end":{"line":17,"column":52}},"13":{"start":{"line":18,"column":22},"end":{"line":18,"column":98}},"14":{"start":{"line":18,"column":55},"end":{"line":18,"column":98}},"15":{"start":{"line":19,"column":20},"end":{"line":29,"column":8}},"16":{"start":{"line":20,"column":25},"end":{"line":20,"column":29}},"17":{"start":{"line":21,"column":4},"end":{"line":27,"column":5}},"18":{"start":{"line":22,"column":23},"end":{"line":22,"column":38}},"19":{"start":{"line":23,"column":6},"end":{"line":25,"column":7}},"20":{"start":{"line":24,"column":8},"end":{"line":24,"column":49}},"21":{"start":{"line":26,"column":6},"end":{"line":26,"column":85}},"22":{"start":{"line":28,"column":4},"end":{"line":28,"column":50}},"23":{"start":{"line":30,"column":21},"end":{"line":33,"column":3}},"24":{"start":{"line":31,"column":28},"end":{"line":31,"column":96}},"25":{"start":{"line":34,"column":22},"end":{"line":34,"column":47}},"26":{"start":{"line":35,"column":17},"end":{"line":35,"column":39}},"27":{"start":{"line":36,"column":2},"end":{"line":36,"column":22}},"28":{"start":{"line":37,"column":2},"end":{"line":37,"column":16}}},"fnMap":{"0":{"name":"(anonymous_0)","decl":{"start":{"line":9,"column":15},"end":{"line":9,"column":16}},"loc":{"start":{"line":9,"column":46},"end":{"line":38,"column":1}},"line":9},"1":{"name":"(anonymous_1)","decl":{"start":{"line":10,"column":26},"end":{"line":10,"column":27}},"loc":{"start":{"line":10,"column":44},"end":{"line":10,"column":85}},"line":10},"2":{"name":"(anonymous_2)","decl":{"start":{"line":11,"column":22},"end":{"line":11,"column":23}},"loc":{"start":{"line":11,"column":39},"end":{"line":11,"column":103}},"line":11},"3":{"name":"(anonymous_3)","decl":{"start":{"line":18,"column":22},"end":{"line":18,"column":23}},"loc":{"start":{"line":18,"column":55},"end":{"line":18,"column":98}},"line":18},"4":{"name":"(anonymous_4)","decl":{"start":{"line":19,"column":42},"end":{"line":19,"column":43}},"loc":{"start":{"line":19,"column":57},"end":{"line":29,"column":3}},"line":19},"5":{"name":"(anonymous_5)","decl":{"start":{"line":31,"column":4},"end":{"line":31,"column":5}},"loc":{"start":{"line":31,"column":28},"end":{"line":31,"column":96}},"line":31}},"branchMap":{"0":{"loc":{"start":{"line":11,"column":39},"end":{"line":11,"column":103}},"type":"cond-expr","locations":[{"start":{"line":11,"column":63},"end":{"line":11,"column":73}},{"start":{"line":11,"column":76},"end":{"line":11,"column":103}}],"line":11},"1":{"loc":{"start":{"line":18,"column":35},"end":{"line":18,"column":50}},"type":"default-arg","locations":[{"start":{"line":18,"column":47},"end":{"line":18,"column":50}}],"line":18},"2":{"loc":{"start":{"line":21,"column":4},"end":{"line":27,"column":5}},"type":"if","locations":[{"start":{"line":21,"column":4},"end":{"line":27,"column":5}},{"start":{"line":21,"column":4},"end":{"line":27,"column":5}}],"line":21},"3":{"loc":{"start":{"line":23,"column":6},"end":{"line":25,"column":7}},"type":"if","locations":[{"start":{"line":23,"column":6},"end":{"line":25,"column":7}},{"start":{"line":23,"column":6},"end":{"line":25,"column":7}}],"line":23},"4":{"loc":{"start":{"line":31,"column":28},"end":{"line":31,"column":96}},"type":"cond-expr","locations":[{"start":{"line":31,"column":52},"end":{"line":31,"column":55}},{"start":{"line":31,"column":58},"end":{"line":31,"column":96}}],"line":31}},"s":{"0":1,"1":1,"2":1,"3":2,"4":2,"5":2,"6":4,"7":2,"8":2,"9":2,"10":2,"11":2,"12":2,"13":2,"14":7,"15":2,"16":5,"17":5,"18":3,"19":3,"20":2,"21":1,"22":2,"23":2,"24":4,"25":2,"26":2,"27":2,"28":2},"f":{"0":2,"1":2,"2":4,"3":7,"4":5,"5":4},"b":{"0":[2,2],"1":[2],"2":[3,2],"3":[2,1],"4":[3,1]},"_coverageSchema":"1a1c01bbd47fc00a2c39e90264f33305004495a9","hash":"d3a5c192354934dac0bf6f2f146d5786be4e8539"}
}
