TN:
SF:src/index.js
FN:9,(anonymous_0)
FN:10,(anonymous_1)
FN:11,(anonymous_2)
FN:18,(anonymous_3)
FN:19,(anonymous_4)
FN:31,(anonymous_5)
FNF:6
FNH:6
FNDA:2,(anonymous_0)
FNDA:2,(anonymous_1)
FNDA:4,(anonymous_2)
FNDA:7,(anonymous_3)
FNDA:5,(anonymous_4)
FNDA:4,(anonymous_5)
DA:3,1
DA:5,1
DA:7,1
DA:10,2
DA:11,4
DA:12,2
DA:13,2
DA:14,2
DA:15,2
DA:16,2
DA:17,2
DA:18,7
DA:19,2
DA:20,5
DA:21,5
DA:22,3
DA:23,3
DA:24,2
DA:26,1
DA:28,2
DA:30,2
DA:31,4
DA:34,2
DA:35,2
DA:36,2
DA:37,2
LF:26
LH:26
BRDA:11,0,0,2
BRDA:11,0,1,2
BRDA:18,1,0,2
BRDA:21,2,0,3
BRDA:21,2,1,2
BRDA:23,3,0,2
BRDA:23,3,1,1
BRDA:31,4,0,3
BRDA:31,4,1,1
BRF:9
BRH:9
end_of_record
